This is XeTeX, Version 3.141592653-2.6-0.999995 (TeX Live 2023) (preloaded format=xelatex 2023.12.17)  19 JAN 2024 13:37
entering extended mode
 restricted \write18 enabled.
 %&-line parsing enabled.
**nirs-study-info.tex
(./nirs-study-info.tex
LaTeX2e <2023-11-01>
L3 programming layer <2023-12-11>
(c:/Users/sarag/AppData/Roaming/TinyTeX/texmf-dist/tex/latex/base/book.cls
Document Class: book 2023/05/17 v1.4n Standard LaTeX document class
(c:/Users/sarag/AppData/Roaming/TinyTeX/texmf-dist/tex/latex/base/bk10.clo
File: bk10.clo 2023/05/17 v1.4n Standard LaTeX file (size option)
)
\c@part=\count183
\c@chapter=\count184
\c@section=\count185
\c@subsection=\count186
\c@subsubsection=\count187
\c@paragraph=\count188
\c@subparagraph=\count189
\c@figure=\count190
\c@table=\count191
\abovecaptionskip=\skip48
\belowcaptionskip=\skip49
\bibindent=\dimen140
) (c:/Users/sarag/AppData/Roaming/TinyTeX/texmf-dist/tex/latex/amsmath/amsmath.sty
Package: amsmath 2023/05/13 v2.17o AMS math features
\@mathmargin=\skip50
For additional information on amsmath, use the `?' option.
(c:/Users/sarag/AppData/Roaming/TinyTeX/texmf-dist/tex/latex/amsmath/amstext.sty
Package: amstext 2021/08/26 v2.01 AMS text
(c:/Users/sarag/AppData/Roaming/TinyTeX/texmf-dist/tex/latex/amsmath/amsgen.sty
File: amsgen.sty 1999/11/30 v2.0 generic functions
\@emptytoks=\toks17
\ex@=\dimen141
)) (c:/Users/sarag/AppData/Roaming/TinyTeX/texmf-dist/tex/latex/amsmath/amsbsy.sty
Package: amsbsy 1999/11/29 v1.2d Bold Symbols
\pmbraise@=\dimen142
) (c:/Users/sarag/AppData/Roaming/TinyTeX/texmf-dist/tex/latex/amsmath/amsopn.sty
Package: amsopn 2022/04/08 v2.04 operator names
)
\inf@bad=\count192
LaTeX Info: Redefining \frac on input line 234.
\uproot@=\count193
\leftroot@=\count194
LaTeX Info: Redefining \overline on input line 399.
LaTeX Info: Redefining \colon on input line 410.
\classnum@=\count195
\DOTSCASE@=\count196
LaTeX Info: Redefining \ldots on input line 496.
LaTeX Info: Redefining \dots on input line 499.
LaTeX Info: Redefining \cdots on input line 620.
\Mathstrutbox@=\box51
\strutbox@=\box52
LaTeX Info: Redefining \big on input line 722.
LaTeX Info: Redefining \Big on input line 723.
LaTeX Info: Redefining \bigg on input line 724.
LaTeX Info: Redefining \Bigg on input line 725.
\big@size=\dimen143
LaTeX Font Info:    Redeclaring font encoding OML on input line 743.
LaTeX Font Info:    Redeclaring font encoding OMS on input line 744.
\macc@depth=\count197
LaTeX Info: Redefining \bmod on input line 905.
LaTeX Info: Redefining \pmod on input line 910.
LaTeX Info: Redefining \smash on input line 940.
LaTeX Info: Redefining \relbar on input line 970.
LaTeX Info: Redefining \Relbar on input line 971.
\c@MaxMatrixCols=\count198
\dotsspace@=\muskip16
\c@parentequation=\count199
\dspbrk@lvl=\count266
\tag@help=\toks18
\row@=\count267
\column@=\count268
\maxfields@=\count269
\andhelp@=\toks19
\eqnshift@=\dimen144
\alignsep@=\dimen145
\tagshift@=\dimen146
\tagwidth@=\dimen147
\totwidth@=\dimen148
\lineht@=\dimen149
\@envbody=\toks20
\multlinegap=\skip51
\multlinetaggap=\skip52
\mathdisplay@stack=\toks21
LaTeX Info: Redefining \[ on input line 2953.
LaTeX Info: Redefining \] on input line 2954.
) (c:/Users/sarag/AppData/Roaming/TinyTeX/texmf-dist/tex/latex/amsfonts/amssymb.sty
Package: amssymb 2013/01/14 v3.01 AMS font symbols
(c:/Users/sarag/AppData/Roaming/TinyTeX/texmf-dist/tex/latex/amsfonts/amsfonts.sty
Package: amsfonts 2013/01/14 v3.01 Basic AMSFonts support
\symAMSa=\mathgroup4
\symAMSb=\mathgroup5
LaTeX Font Info:    Redeclaring math symbol \hbar on input line 98.
LaTeX Font Info:    Overwriting math alphabet `\mathfrak' in version `bold'
(Font)                  U/euf/m/n --> U/euf/b/n on input line 106.
)) (c:/Users/sarag/AppData/Roaming/TinyTeX/texmf-dist/tex/generic/iftex/iftex.sty
Package: iftex 2022/02/03 v1.0f TeX engine tests
) (c:/Users/sarag/AppData/Roaming/TinyTeX/texmf-dist/tex/latex/unicode-math/unicode-math.sty (c:/Users/sarag/AppData/Roaming/TinyTeX/texmf-dist/tex/latex/l3kernel/expl3.sty
Package: expl3 2023-12-11 L3 programming layer (loader) 
(c:/Users/sarag/AppData/Roaming/TinyTeX/texmf-dist/tex/latex/l3backend/l3backend-xetex.def
File: l3backend-xetex.def 2023-11-09 L3 backend support: XeTeX
\g__graphics_track_int=\count270
\l__pdf_internal_box=\box53
\g__pdf_backend_object_int=\count271
\g__pdf_backend_annotation_int=\count272
\g__pdf_backend_link_int=\count273
))
Package: unicode-math 2023/08/13 v0.8r Unicode maths in XeLaTeX and LuaLaTeX
(c:/Users/sarag/AppData/Roaming/TinyTeX/texmf-dist/tex/latex/unicode-math/unicode-math-xetex.sty
Package: unicode-math-xetex 2023/08/13 v0.8r Unicode maths in XeLaTeX and LuaLaTeX
(c:/Users/sarag/AppData/Roaming/TinyTeX/texmf-dist/tex/latex/l3packages/xparse/xparse.sty
Package: xparse 2023-10-10 L3 Experimental document command parser
) (c:/Users/sarag/AppData/Roaming/TinyTeX/texmf-dist/tex/latex/l3packages/l3keys2e/l3keys2e.sty
Package: l3keys2e 2023-10-10 LaTeX2e option processing using LaTeX3 keys
) (c:/Users/sarag/AppData/Roaming/TinyTeX/texmf-dist/tex/latex/fontspec/fontspec.sty
Package: fontspec 2022/01/15 v2.8a Font selection for XeLaTeX and LuaLaTeX
(c:/Users/sarag/AppData/Roaming/TinyTeX/texmf-dist/tex/latex/fontspec/fontspec-xetex.sty
Package: fontspec-xetex 2022/01/15 v2.8a Font selection for XeLaTeX and LuaLaTeX
\l__fontspec_script_int=\count274
\l__fontspec_language_int=\count275
\l__fontspec_strnum_int=\count276
\l__fontspec_tmp_int=\count277
\l__fontspec_tmpa_int=\count278
\l__fontspec_tmpb_int=\count279
\l__fontspec_tmpc_int=\count280
\l__fontspec_em_int=\count281
\l__fontspec_emdef_int=\count282
\l__fontspec_strong_int=\count283
\l__fontspec_strongdef_int=\count284
\l__fontspec_tmpa_dim=\dimen150
\l__fontspec_tmpb_dim=\dimen151
\l__fontspec_tmpc_dim=\dimen152
(c:/Users/sarag/AppData/Roaming/TinyTeX/texmf-dist/tex/latex/base/fontenc.sty
Package: fontenc 2021/04/29 v2.0v Standard LaTeX package
) (c:/Users/sarag/AppData/Roaming/TinyTeX/texmf-dist/tex/latex/fontspec/fontspec.cfg))) (c:/Users/sarag/AppData/Roaming/TinyTeX/texmf-dist/tex/latex/base/fix-cm.sty
Package: fix-cm 2020/11/24 v1.1t fixes to LaTeX
(c:/Users/sarag/AppData/Roaming/TinyTeX/texmf-dist/tex/latex/base/ts1enc.def
File: ts1enc.def 2001/06/05 v3.0e (jk/car/fm) Standard LaTeX file
LaTeX Font Info:    Redeclaring font encoding TS1 on input line 47.
))
\g__um_fam_int=\count285
\g__um_fonts_used_int=\count286
\l__um_primecount_int=\count287
\g__um_primekern_muskip=\muskip17
(c:/Users/sarag/AppData/Roaming/TinyTeX/texmf-dist/tex/latex/unicode-math/unicode-math-table.tex))) (c:/Users/sarag/AppData/Roaming/TinyTeX/texmf-dist/tex/latex/lm/lmodern.sty
Package: lmodern 2015/05/01 v1.6.1 Latin Modern Fonts
LaTeX Font Info:    Overwriting symbol font `operators' in version `normal'
(Font)                  OT1/cmr/m/n --> OT1/lmr/m/n on input line 22.
LaTeX Font Info:    Overwriting symbol font `letters' in version `normal'
(Font)                  OML/cmm/m/it --> OML/lmm/m/it on input line 23.
LaTeX Font Info:    Overwriting symbol font `symbols' in version `normal'
(Font)                  OMS/cmsy/m/n --> OMS/lmsy/m/n on input line 24.
LaTeX Font Info:    Overwriting symbol font `largesymbols' in version `normal'
(Font)                  OMX/cmex/m/n --> OMX/lmex/m/n on input line 25.
LaTeX Font Info:    Overwriting symbol font `operators' in version `bold'
(Font)                  OT1/cmr/bx/n --> OT1/lmr/bx/n on input line 26.
LaTeX Font Info:    Overwriting symbol font `letters' in version `bold'
(Font)                  OML/cmm/b/it --> OML/lmm/b/it on input line 27.
LaTeX Font Info:    Overwriting symbol font `symbols' in version `bold'
(Font)                  OMS/cmsy/b/n --> OMS/lmsy/b/n on input line 28.
LaTeX Font Info:    Overwriting symbol font `largesymbols' in version `bold'
(Font)                  OMX/cmex/m/n --> OMX/lmex/m/n on input line 29.
LaTeX Font Info:    Overwriting math alphabet `\mathbf' in version `normal'
(Font)                  OT1/cmr/bx/n --> OT1/lmr/bx/n on input line 31.
LaTeX Font Info:    Overwriting math alphabet `\mathsf' in version `normal'
(Font)                  OT1/cmss/m/n --> OT1/lmss/m/n on input line 32.
LaTeX Font Info:    Overwriting math alphabet `\mathit' in version `normal'
(Font)                  OT1/cmr/m/it --> OT1/lmr/m/it on input line 33.
LaTeX Font Info:    Overwriting math alphabet `\mathtt' in version `normal'
(Font)                  OT1/cmtt/m/n --> OT1/lmtt/m/n on input line 34.
LaTeX Font Info:    Overwriting math alphabet `\mathbf' in version `bold'
(Font)                  OT1/cmr/bx/n --> OT1/lmr/bx/n on input line 35.
LaTeX Font Info:    Overwriting math alphabet `\mathsf' in version `bold'
(Font)                  OT1/cmss/bx/n --> OT1/lmss/bx/n on input line 36.
LaTeX Font Info:    Overwriting math alphabet `\mathit' in version `bold'
(Font)                  OT1/cmr/bx/it --> OT1/lmr/bx/it on input line 37.
LaTeX Font Info:    Overwriting math alphabet `\mathtt' in version `bold'
(Font)                  OT1/cmtt/m/n --> OT1/lmtt/m/n on input line 38.
) (c:/Users/sarag/AppData/Roaming/TinyTeX/texmf-dist/tex/latex/xcolor/xcolor.sty
Package: xcolor 2023/11/15 v3.01 LaTeX color extensions (UK)
(c:/Users/sarag/AppData/Roaming/TinyTeX/texmf-dist/tex/latex/graphics-cfg/color.cfg
File: color.cfg 2016/01/02 v1.6 sample color configuration
)
Package xcolor Info: Driver file: xetex.def on input line 274.
(c:/Users/sarag/AppData/Roaming/TinyTeX/texmf-dist/tex/latex/graphics-def/xetex.def
File: xetex.def 2022/09/22 v5.0n Graphics/color driver for xetex
) (c:/Users/sarag/AppData/Roaming/TinyTeX/texmf-dist/tex/latex/graphics/mathcolor.ltx)
Package xcolor Info: Model `cmy' substituted by `cmy0' on input line 1350.
Package xcolor Info: Model `RGB' extended on input line 1366.
Package xcolor Info: Model `HTML' substituted by `rgb' on input line 1368.
Package xcolor Info: Model `Hsb' substituted by `hsb' on input line 1369.
Package xcolor Info: Model `tHsb' substituted by `hsb' on input line 1370.
Package xcolor Info: Model `HSB' substituted by `hsb' on input line 1371.
Package xcolor Info: Model `Gray' substituted by `gray' on input line 1372.
Package xcolor Info: Model `wave' substituted by `hsb' on input line 1373.
) (c:/Users/sarag/AppData/Roaming/TinyTeX/texmf-dist/tex/latex/fancyvrb/fancyvrb.sty
Package: fancyvrb 2023/11/06 4.5b verbatim text (tvz,hv)
(c:/Users/sarag/AppData/Roaming/TinyTeX/texmf-dist/tex/latex/graphics/keyval.sty
Package: keyval 2022/05/29 v1.15 key=value parser (DPC)
\KV@toks@=\toks22
)
\FV@CodeLineNo=\count288
\FV@InFile=\read2
\FV@TabBox=\box54
\c@FancyVerbLine=\count289
\FV@StepNumber=\count290
\FV@OutFile=\write3
) (c:/Users/sarag/AppData/Roaming/TinyTeX/texmf-dist/tex/latex/framed/framed.sty
Package: framed 2011/10/22 v 0.96: framed or shaded text with page breaks
\OuterFrameSep=\skip53
\fb@frw=\dimen153
\fb@frh=\dimen154
\FrameRule=\dimen155
\FrameSep=\dimen156
) (c:/Users/sarag/AppData/Roaming/TinyTeX/texmf-dist/tex/latex/tools/longtable.sty
Package: longtable 2023-11-01 v4.19 Multi-page Table package (DPC)
\LTleft=\skip54
\LTright=\skip55
\LTpre=\skip56
\LTpost=\skip57
\LTchunksize=\count291
\LTcapwidth=\dimen157
\LT@head=\box55
\LT@firsthead=\box56
\LT@foot=\box57
\LT@lastfoot=\box58
\LT@gbox=\box59
\LT@cols=\count292
\LT@rows=\count293
\c@LT@tables=\count294
\c@LT@chunks=\count295
\LT@p@ftn=\toks23
) (c:/Users/sarag/AppData/Roaming/TinyTeX/texmf-dist/tex/latex/booktabs/booktabs.sty
Package: booktabs 2020/01/12 v1.61803398 Publication quality tables
\heavyrulewidth=\dimen158
\lightrulewidth=\dimen159
\cmidrulewidth=\dimen160
\belowrulesep=\dimen161
\belowbottomsep=\dimen162
\aboverulesep=\dimen163
\abovetopsep=\dimen164
\cmidrulesep=\dimen165
\cmidrulekern=\dimen166
\defaultaddspace=\dimen167
\@cmidla=\count296
\@cmidlb=\count297
\@aboverulesep=\dimen168
\@belowrulesep=\dimen169
\@thisruleclass=\count298
\@lastruleclass=\count299
\@thisrulewidth=\dimen170
) (c:/Users/sarag/AppData/Roaming/TinyTeX/texmf-dist/tex/latex/tools/array.sty
Package: array 2023/10/16 v2.5g Tabular extension package (FMi)
\col@sep=\dimen171
\ar@mcellbox=\box60
\extrarowheight=\dimen172
\NC@list=\toks24
\extratabsurround=\skip58
\backup@length=\skip59
\ar@cellbox=\box61
) (c:/Users/sarag/AppData/Roaming/TinyTeX/texmf-dist/tex/latex/tools/calc.sty
Package: calc 2023/07/08 v4.3 Infix arithmetic (KKT,FJ)
\calc@Acount=\count300
\calc@Bcount=\count301
\calc@Adimen=\dimen173
\calc@Bdimen=\dimen174
\calc@Askip=\skip60
\calc@Bskip=\skip61
LaTeX Info: Redefining \setlength on input line 80.
LaTeX Info: Redefining \addtolength on input line 81.
\calc@Ccount=\count302
\calc@Cskip=\skip62
) (c:/Users/sarag/AppData/Roaming/TinyTeX/texmf-dist/tex/latex/etoolbox/etoolbox.sty
Package: etoolbox 2020/10/05 v2.5k e-TeX tools for LaTeX (JAW)
\etb@tempcnta=\count303
) (c:/Users/sarag/AppData/Roaming/TinyTeX/texmf-dist/tex/latex/mdwtools/footnote.sty
Package: footnote 1997/01/28 1.13 Save footnotes around boxes
\fn@notes=\box62
\fn@width=\dimen175
) (c:/Users/sarag/AppData/Roaming/TinyTeX/texmf-dist/tex/latex/graphics/graphicx.sty
Package: graphicx 2021/09/16 v1.2d Enhanced LaTeX Graphics (DPC,SPQR)
(c:/Users/sarag/AppData/Roaming/TinyTeX/texmf-dist/tex/latex/graphics/graphics.sty
Package: graphics 2022/03/10 v1.4e Standard LaTeX Graphics (DPC,SPQR)
(c:/Users/sarag/AppData/Roaming/TinyTeX/texmf-dist/tex/latex/graphics/trig.sty
Package: trig 2021/08/11 v1.11 sin cos tan (DPC)
) (c:/Users/sarag/AppData/Roaming/TinyTeX/texmf-dist/tex/latex/graphics-cfg/graphics.cfg
File: graphics.cfg 2016/06/04 v1.11 sample graphics configuration
)
Package graphics Info: Driver file: xetex.def on input line 107.
)
\Gin@req@height=\dimen176
\Gin@req@width=\dimen177
) (c:/Users/sarag/AppData/Roaming/TinyTeX/texmf-dist/tex/latex/amscls/amsthm.sty
Package: amsthm 2020/05/29 v2.20.6
\thm@style=\toks25
\thm@bodyfont=\toks26
\thm@headfont=\toks27
\thm@notefont=\toks28
\thm@headpunct=\toks29
\thm@preskip=\skip63
\thm@postskip=\skip64
\thm@headsep=\skip65
\dth@everypar=\toks30
) (c:/Users/sarag/AppData/Roaming/TinyTeX/texmf-dist/tex/latex/natbib/natbib.sty
Package: natbib 2010/09/13 8.31b (PWD, AO)
\bibhang=\skip66
\bibsep=\skip67
LaTeX Info: Redefining \cite on input line 694.
\c@NAT@ctr=\count304
) (c:/Users/sarag/AppData/Roaming/TinyTeX/texmf-dist/tex/latex/hyperref/hyperref.sty
Package: hyperref 2023-11-26 v7.01g Hypertext links for LaTeX
(c:/Users/sarag/AppData/Roaming/TinyTeX/texmf-dist/tex/generic/infwarerr/infwarerr.sty
Package: infwarerr 2019/12/03 v1.5 Providing info/warning/error messages (HO)
) (c:/Users/sarag/AppData/Roaming/TinyTeX/texmf-dist/tex/latex/kvsetkeys/kvsetkeys.sty
Package: kvsetkeys 2022-10-05 v1.19 Key value parser (HO)
) (c:/Users/sarag/AppData/Roaming/TinyTeX/texmf-dist/tex/generic/kvdefinekeys/kvdefinekeys.sty
Package: kvdefinekeys 2019-12-19 v1.6 Define keys (HO)
) (c:/Users/sarag/AppData/Roaming/TinyTeX/texmf-dist/tex/generic/pdfescape/pdfescape.sty
Package: pdfescape 2019/12/09 v1.15 Implements pdfTeX's escape features (HO)
(c:/Users/sarag/AppData/Roaming/TinyTeX/texmf-dist/tex/generic/ltxcmds/ltxcmds.sty
Package: ltxcmds 2023-12-04 v1.26 LaTeX kernel commands for general use (HO)
) (c:/Users/sarag/AppData/Roaming/TinyTeX/texmf-dist/tex/generic/pdftexcmds/pdftexcmds.sty
Package: pdftexcmds 2020-06-27 v0.33 Utility functions of pdfTeX for LuaTeX (HO)
Package pdftexcmds Info: \pdf@primitive is available.
Package pdftexcmds Info: \pdf@ifprimitive is available.
Package pdftexcmds Info: \pdfdraftmode not found.
)) (c:/Users/sarag/AppData/Roaming/TinyTeX/texmf-dist/tex/latex/hycolor/hycolor.sty
Package: hycolor 2020-01-27 v1.10 Color options for hyperref/bookmark (HO)
) (c:/Users/sarag/AppData/Roaming/TinyTeX/texmf-dist/tex/latex/letltxmacro/letltxmacro.sty
Package: letltxmacro 2019/12/03 v1.6 Let assignment for LaTeX macros (HO)
) (c:/Users/sarag/AppData/Roaming/TinyTeX/texmf-dist/tex/latex/auxhook/auxhook.sty
Package: auxhook 2019-12-17 v1.6 Hooks for auxiliary files (HO)
) (c:/Users/sarag/AppData/Roaming/TinyTeX/texmf-dist/tex/latex/hyperref/nameref.sty
Package: nameref 2023-11-26 v2.56 Cross-referencing by name of section
(c:/Users/sarag/AppData/Roaming/TinyTeX/texmf-dist/tex/latex/refcount/refcount.sty
Package: refcount 2019/12/15 v3.6 Data extraction from label references (HO)
) (c:/Users/sarag/AppData/Roaming/TinyTeX/texmf-dist/tex/generic/gettitlestring/gettitlestring.sty
Package: gettitlestring 2019/12/15 v1.6 Cleanup title references (HO)
(c:/Users/sarag/AppData/Roaming/TinyTeX/texmf-dist/tex/latex/kvoptions/kvoptions.sty
Package: kvoptions 2022-06-15 v3.15 Key value format for package options (HO)
))
\c@section@level=\count305
)
\@linkdim=\dimen178
\Hy@linkcounter=\count306
\Hy@pagecounter=\count307
(c:/Users/sarag/AppData/Roaming/TinyTeX/texmf-dist/tex/latex/hyperref/pd1enc.def
File: pd1enc.def 2023-11-26 v7.01g Hyperref: PDFDocEncoding definition (HO)
) (c:/Users/sarag/AppData/Roaming/TinyTeX/texmf-dist/tex/generic/intcalc/intcalc.sty
Package: intcalc 2019/12/15 v1.3 Expandable calculations with integers (HO)
)
\Hy@SavedSpaceFactor=\count308
(c:/Users/sarag/AppData/Roaming/TinyTeX/texmf-dist/tex/latex/hyperref/puenc.def
File: puenc.def 2023-11-26 v7.01g Hyperref: PDF Unicode definition (HO)
)
Package hyperref Info: Option `unicode' set `true' on input line 4064.
Package hyperref Info: Hyper figures OFF on input line 4181.
Package hyperref Info: Link nesting OFF on input line 4186.
Package hyperref Info: Hyper index ON on input line 4189.
Package hyperref Info: Plain pages OFF on input line 4196.
Package hyperref Info: Backreferencing OFF on input line 4201.
Package hyperref Info: Implicit mode ON; LaTeX internals redefined.
Package hyperref Info: Bookmarks ON on input line 4448.
\c@Hy@tempcnt=\count309
(c:/Users/sarag/AppData/Roaming/TinyTeX/texmf-dist/tex/latex/url/url.sty
\Urlmuskip=\muskip18
Package: url 2013/09/16  ver 3.4  Verb mode for urls, etc.
)
LaTeX Info: Redefining \url on input line 4786.
\XeTeXLinkMargin=\dimen179
(c:/Users/sarag/AppData/Roaming/TinyTeX/texmf-dist/tex/generic/bitset/bitset.sty
Package: bitset 2019/12/09 v1.3 Handle bit-vector datatype (HO)
(c:/Users/sarag/AppData/Roaming/TinyTeX/texmf-dist/tex/generic/bigintcalc/bigintcalc.sty
Package: bigintcalc 2019/12/15 v1.5 Expandable calculations on big integers (HO)
))
\Fld@menulength=\count310
\Field@Width=\dimen180
\Fld@charsize=\dimen181
Package hyperref Info: Hyper figures OFF on input line 6065.
Package hyperref Info: Link nesting OFF on input line 6070.
Package hyperref Info: Hyper index ON on input line 6073.
Package hyperref Info: backreferencing OFF on input line 6080.
Package hyperref Info: Link coloring OFF on input line 6085.
Package hyperref Info: Link coloring with OCG OFF on input line 6090.
Package hyperref Info: PDF/A mode OFF on input line 6095.
(c:/Users/sarag/AppData/Roaming/TinyTeX/texmf-dist/tex/latex/base/atbegshi-ltx.sty
Package: atbegshi-ltx 2021/01/10 v1.0c Emulation of the original atbegshi
package with kernel methods
)
\Hy@abspage=\count311
\c@Item=\count312
\c@Hfootnote=\count313
)
Package hyperref Info: Driver (autodetected): hxetex.
(c:/Users/sarag/AppData/Roaming/TinyTeX/texmf-dist/tex/latex/hyperref/hxetex.def
File: hxetex.def 2023-11-26 v7.01g Hyperref driver for XeTeX
(c:/Users/sarag/AppData/Roaming/TinyTeX/texmf-dist/tex/generic/stringenc/stringenc.sty
Package: stringenc 2019/11/29 v1.12 Convert strings between diff. encodings (HO)
)
\pdfm@box=\box63
\c@Hy@AnnotLevel=\count314
\HyField@AnnotCount=\count315
\Fld@listcount=\count316
\c@bookmark@seq@number=\count317
(c:/Users/sarag/AppData/Roaming/TinyTeX/texmf-dist/tex/latex/rerunfilecheck/rerunfilecheck.sty
Package: rerunfilecheck 2022-07-10 v1.10 Rerun checks for auxiliary files (HO)
(c:/Users/sarag/AppData/Roaming/TinyTeX/texmf-dist/tex/latex/base/atveryend-ltx.sty
Package: atveryend-ltx 2020/08/19 v1.0a Emulation of the original atveryend package
with kernel methods
) (c:/Users/sarag/AppData/Roaming/TinyTeX/texmf-dist/tex/generic/uniquecounter/uniquecounter.sty
Package: uniquecounter 2019/12/15 v1.4 Provide unlimited unique counter (HO)
)
Package uniquecounter Info: New unique counter `rerunfilecheck' on input line 285.
)
\Hy@SectionHShift=\skip68
) (./nirs-study-info.aux)
\openout1 = `nirs-study-info.aux'.

LaTeX Font Info:    Checking defaults for OML/cmm/m/it on input line 132.
LaTeX Font Info:    ... okay on input line 132.
LaTeX Font Info:    Checking defaults for OMS/cmsy/m/n on input line 132.
LaTeX Font Info:    ... okay on input line 132.
LaTeX Font Info:    Checking defaults for OT1/cmr/m/n on input line 132.
LaTeX Font Info:    ... okay on input line 132.
LaTeX Font Info:    Checking defaults for T1/cmr/m/n on input line 132.
LaTeX Font Info:    ... okay on input line 132.
LaTeX Font Info:    Checking defaults for TS1/cmr/m/n on input line 132.
LaTeX Font Info:    ... okay on input line 132.
LaTeX Font Info:    Checking defaults for TU/lmr/m/n on input line 132.
LaTeX Font Info:    ... okay on input line 132.
LaTeX Font Info:    Checking defaults for OMX/cmex/m/n on input line 132.
LaTeX Font Info:    ... okay on input line 132.
LaTeX Font Info:    Checking defaults for U/cmr/m/n on input line 132.
LaTeX Font Info:    ... okay on input line 132.
LaTeX Font Info:    Checking defaults for PD1/pdf/m/n on input line 132.
LaTeX Font Info:    ... okay on input line 132.
LaTeX Font Info:    Checking defaults for PU/pdf/m/n on input line 132.
LaTeX Font Info:    ... okay on input line 132.
LaTeX Font Info:    Overwriting math alphabet `\mathrm' in version `normal'
(Font)                  OT1/lmr/m/n --> TU/lmr/m/n on input line 132.
LaTeX Font Info:    Overwriting math alphabet `\mathit' in version `normal'
(Font)                  OT1/lmr/m/it --> TU/lmr/m/it on input line 132.
LaTeX Font Info:    Overwriting math alphabet `\mathbf' in version `normal'
(Font)                  OT1/lmr/bx/n --> TU/lmr/bx/n on input line 132.
LaTeX Font Info:    Overwriting math alphabet `\mathsf' in version `normal'
(Font)                  OT1/lmss/m/n --> TU/lmss/m/n on input line 132.
LaTeX Font Info:    Overwriting math alphabet `\mathsf' in version `bold'
(Font)                  OT1/lmss/bx/n --> TU/lmss/bx/n on input line 132.
LaTeX Font Info:    Overwriting math alphabet `\mathtt' in version `normal'
(Font)                  OT1/lmtt/m/n --> TU/lmtt/m/n on input line 132.
LaTeX Font Info:    Overwriting math alphabet `\mathtt' in version `bold'
(Font)                  OT1/lmtt/m/n --> TU/lmtt/bx/n on input line 132.

Package fontspec Info: latinmodern-math scale = 0.9999964596882403.


Package fontspec Info: latinmodern-math scale = 0.9999964596882403.


Package fontspec Info: latinmodern-math scale = 0.9999964596882403.


Package fontspec Info: Font family 'latinmodern-math.otf(0)' created for font
(fontspec)             'latinmodern-math.otf' with options
(fontspec)             [Scale=MatchLowercase,BoldItalicFont={},ItalicFont={},SmallCapsFont={},Script=Math,BoldFont={latinmodern-math.otf}].
(fontspec)              
(fontspec)              This font family consists of the following NFSS
(fontspec)             series/shapes:
(fontspec)              
(fontspec)             - 'normal' (m/n) with NFSS spec.:
(fontspec)             <->s*[0.9999964596882403]"[latinmodern-math.otf]/OT:script=math;language=dflt;"
(fontspec)             - 'small caps'  (m/sc) with NFSS spec.: 
(fontspec)             - 'bold' (b/n) with NFSS spec.:
(fontspec)             <->s*[0.9999964596882403]"[latinmodern-math.otf]/OT:script=math;language=dflt;"
(fontspec)             - 'bold small caps'  (b/sc) with NFSS spec.: 

LaTeX Font Info:    Font shape `TU/latinmodern-math.otf(0)/m/n' will be
(Font)              scaled to size 10.0pt on input line 132.

Package fontspec Info: latinmodern-math scale = 0.9999964596882403.


Package fontspec Info: latinmodern-math scale = 0.9999964596882403.


Package fontspec Info: latinmodern-math scale = 0.9999964596882403.


Package fontspec Info: latinmodern-math scale = 0.9999964596882403.


Package fontspec Info: latinmodern-math scale = 0.9999964596882403.


Package fontspec Info: Font family 'latinmodern-math.otf(1)' created for font
(fontspec)             'latinmodern-math.otf' with options
(fontspec)             [Scale=MatchLowercase,BoldItalicFont={},ItalicFont={},SmallCapsFont={},Script=Math,SizeFeatures={{Size=8.5-},{Size=6-8.5,Font=latinmodern-math.otf,Style=MathScript},{Size=-6,Font=latinmodern-math.otf,Style=MathScriptScript}},BoldFont={latinmodern-math.otf}].
(fontspec)              
(fontspec)              This font family consists of the following NFSS
(fontspec)             series/shapes:
(fontspec)              
(fontspec)             - 'normal' (m/n) with NFSS spec.:
(fontspec)             <8.5->s*[0.9999964596882403]"[latinmodern-math.otf]/OT:script=math;language=dflt;"<6-8.5>s*[0.9999964596882403]"[latinmodern-math.otf]/OT:script=math;language=dflt;+ssty=0;"<-6>s*[0.9999964596882403]"[latinmodern-math.otf]/OT:script=math;language=dflt;+ssty=1;"
(fontspec)             - 'small caps'  (m/sc) with NFSS spec.: 
(fontspec)             - 'bold' (b/n) with NFSS spec.:
(fontspec)             <->s*[0.9999964596882403]"[latinmodern-math.otf]/OT:script=math;language=dflt;"
(fontspec)             - 'bold small caps'  (b/sc) with NFSS spec.: 

LaTeX Font Info:    Font shape `TU/latinmodern-math.otf(1)/m/n' will be
(Font)              scaled to size 10.0pt on input line 132.
LaTeX Font Info:    Encoding `OT1' has changed to `TU' for symbol font
(Font)              `operators' in the math version `normal' on input line 132.
LaTeX Font Info:    Overwriting symbol font `operators' in version `normal'
(Font)                  OT1/lmr/m/n --> TU/latinmodern-math.otf(1)/m/n on input line 132.
LaTeX Font Info:    Encoding `OT1' has changed to `TU' for symbol font
(Font)              `operators' in the math version `bold' on input line 132.
LaTeX Font Info:    Overwriting symbol font `operators' in version `bold'
(Font)                  OT1/lmr/bx/n --> TU/latinmodern-math.otf(1)/b/n on input line 132.

Package fontspec Info: latinmodern-math scale = 0.9999964596882403.


Package fontspec Info: latinmodern-math scale = 1.000096459334209.


Package fontspec Info: latinmodern-math scale = 0.9999964596882403.


Package fontspec Info: latinmodern-math scale = 1.000096459334209.


Package fontspec Info: latinmodern-math scale = 0.9999964596882403.


Package fontspec Info: latinmodern-math scale = 1.000096459334209.


Package fontspec Info: latinmodern-math scale = 0.9999964596882403.


Package fontspec Info: latinmodern-math scale = 1.000096459334209.


Package fontspec Info: latinmodern-math scale = 0.9999964596882403.


Package fontspec Info: latinmodern-math scale = 1.000096459334209.


Package fontspec Info: Font family 'latinmodern-math.otf(2)' created for font
(fontspec)             'latinmodern-math.otf' with options
(fontspec)             [Scale=MatchLowercase,BoldItalicFont={},ItalicFont={},SmallCapsFont={},Script=Math,SizeFeatures={{Size=8.5-},{Size=6-8.5,Font=latinmodern-math.otf,Style=MathScript},{Size=-6,Font=latinmodern-math.otf,Style=MathScriptScript}},BoldFont={latinmodern-math.otf},ScaleAgain=1.0001,FontAdjustment={\fontdimen
(fontspec)             8\font =6.77pt\relax \fontdimen 9\font =3.94pt\relax
(fontspec)             \fontdimen 10\font =4.44pt\relax \fontdimen 11\font
(fontspec)             =6.86pt\relax \fontdimen 12\font =3.45pt\relax
(fontspec)             \fontdimen 13\font =3.63pt\relax \fontdimen 14\font
(fontspec)             =3.63pt\relax \fontdimen 15\font =2.89pt\relax
(fontspec)             \fontdimen 16\font =2.47pt\relax \fontdimen 17\font
(fontspec)             =2.47pt\relax \fontdimen 18\font =2.5pt\relax
(fontspec)             \fontdimen 19\font =2.0pt\relax \fontdimen 22\font
(fontspec)             =2.5pt\relax \fontdimen 20\font =0pt\relax \fontdimen
(fontspec)             21\font =0pt\relax }].
(fontspec)              
(fontspec)              This font family consists of the following NFSS
(fontspec)             series/shapes:
(fontspec)              
(fontspec)             - 'normal' (m/n) with NFSS spec.:
(fontspec)             <8.5->s*[1.000096459334209]"[latinmodern-math.otf]/OT:script=math;language=dflt;"<6-8.5>s*[1.000096459334209]"[latinmodern-math.otf]/OT:script=math;language=dflt;+ssty=0;"<-6>s*[1.000096459334209]"[latinmodern-math.otf]/OT:script=math;language=dflt;+ssty=1;"
(fontspec)             - 'small caps'  (m/sc) with NFSS spec.: 
(fontspec)             and font adjustment code:
(fontspec)             \fontdimen 8\font =6.77pt\relax \fontdimen 9\font
(fontspec)             =3.94pt\relax \fontdimen 10\font =4.44pt\relax
(fontspec)             \fontdimen 11\font =6.86pt\relax \fontdimen 12\font
(fontspec)             =3.45pt\relax \fontdimen 13\font =3.63pt\relax
(fontspec)             \fontdimen 14\font =3.63pt\relax \fontdimen 15\font
(fontspec)             =2.89pt\relax \fontdimen 16\font =2.47pt\relax
(fontspec)             \fontdimen 17\font =2.47pt\relax \fontdimen 18\font
(fontspec)             =2.5pt\relax \fontdimen 19\font =2.0pt\relax \fontdimen
(fontspec)             22\font =2.5pt\relax \fontdimen 20\font =0pt\relax
(fontspec)             \fontdimen 21\font =0pt\relax 
(fontspec)             - 'bold' (b/n) with NFSS spec.:
(fontspec)             <->s*[1.000096459334209]"[latinmodern-math.otf]/OT:script=math;language=dflt;"
(fontspec)             - 'bold small caps'  (b/sc) with NFSS spec.: 
(fontspec)             and font adjustment code:
(fontspec)             \fontdimen 8\font =6.77pt\relax \fontdimen 9\font
(fontspec)             =3.94pt\relax \fontdimen 10\font =4.44pt\relax
(fontspec)             \fontdimen 11\font =6.86pt\relax \fontdimen 12\font
(fontspec)             =3.45pt\relax \fontdimen 13\font =3.63pt\relax
(fontspec)             \fontdimen 14\font =3.63pt\relax \fontdimen 15\font
(fontspec)             =2.89pt\relax \fontdimen 16\font =2.47pt\relax
(fontspec)             \fontdimen 17\font =2.47pt\relax \fontdimen 18\font
(fontspec)             =2.5pt\relax \fontdimen 19\font =2.0pt\relax \fontdimen
(fontspec)             22\font =2.5pt\relax \fontdimen 20\font =0pt\relax
(fontspec)             \fontdimen 21\font =0pt\relax 

LaTeX Font Info:    Encoding `OMS' has changed to `TU' for symbol font
(Font)              `symbols' in the math version `normal' on input line 132.
LaTeX Font Info:    Overwriting symbol font `symbols' in version `normal'
(Font)                  OMS/lmsy/m/n --> TU/latinmodern-math.otf(2)/m/n on input line 132.
LaTeX Font Info:    Encoding `OMS' has changed to `TU' for symbol font
(Font)              `symbols' in the math version `bold' on input line 132.
LaTeX Font Info:    Overwriting symbol font `symbols' in version `bold'
(Font)                  OMS/lmsy/b/n --> TU/latinmodern-math.otf(2)/b/n on input line 132.

Package fontspec Info: latinmodern-math scale = 0.9999964596882403.


Package fontspec Info: latinmodern-math scale = 0.9998964600422715.


Package fontspec Info: latinmodern-math scale = 0.9999964596882403.


Package fontspec Info: latinmodern-math scale = 0.9998964600422715.


Package fontspec Info: latinmodern-math scale = 0.9999964596882403.


Package fontspec Info: latinmodern-math scale = 0.9998964600422715.


Package fontspec Info: latinmodern-math scale = 0.9999964596882403.


Package fontspec Info: latinmodern-math scale = 0.9998964600422715.


Package fontspec Info: latinmodern-math scale = 0.9999964596882403.


Package fontspec Info: latinmodern-math scale = 0.9998964600422715.


Package fontspec Info: Font family 'latinmodern-math.otf(3)' created for font
(fontspec)             'latinmodern-math.otf' with options
(fontspec)             [Scale=MatchLowercase,BoldItalicFont={},ItalicFont={},SmallCapsFont={},Script=Math,SizeFeatures={{Size=8.5-},{Size=6-8.5,Font=latinmodern-math.otf,Style=MathScript},{Size=-6,Font=latinmodern-math.otf,Style=MathScriptScript}},BoldFont={latinmodern-math.otf},ScaleAgain=0.9999,FontAdjustment={\fontdimen
(fontspec)             8\font =0.4pt\relax \fontdimen 9\font =2.0pt\relax
(fontspec)             \fontdimen 10\font =1.67pt\relax \fontdimen 11\font
(fontspec)             =1.11pt\relax \fontdimen 12\font =6.0pt\relax
(fontspec)             \fontdimen 13\font =0pt\relax }].
(fontspec)              
(fontspec)              This font family consists of the following NFSS
(fontspec)             series/shapes:
(fontspec)              
(fontspec)             - 'normal' (m/n) with NFSS spec.:
(fontspec)             <8.5->s*[0.9998964600422715]"[latinmodern-math.otf]/OT:script=math;language=dflt;"<6-8.5>s*[0.9998964600422715]"[latinmodern-math.otf]/OT:script=math;language=dflt;+ssty=0;"<-6>s*[0.9998964600422715]"[latinmodern-math.otf]/OT:script=math;language=dflt;+ssty=1;"
(fontspec)             - 'small caps'  (m/sc) with NFSS spec.: 
(fontspec)             and font adjustment code:
(fontspec)             \fontdimen 8\font =0.4pt\relax \fontdimen 9\font
(fontspec)             =2.0pt\relax \fontdimen 10\font =1.67pt\relax
(fontspec)             \fontdimen 11\font =1.11pt\relax \fontdimen 12\font
(fontspec)             =6.0pt\relax \fontdimen 13\font =0pt\relax 
(fontspec)             - 'bold' (b/n) with NFSS spec.:
(fontspec)             <->s*[0.9998964600422715]"[latinmodern-math.otf]/OT:script=math;language=dflt;"
(fontspec)             - 'bold small caps'  (b/sc) with NFSS spec.: 
(fontspec)             and font adjustment code:
(fontspec)             \fontdimen 8\font =0.4pt\relax \fontdimen 9\font
(fontspec)             =2.0pt\relax \fontdimen 10\font =1.67pt\relax
(fontspec)             \fontdimen 11\font =1.11pt\relax \fontdimen 12\font
(fontspec)             =6.0pt\relax \fontdimen 13\font =0pt\relax 

LaTeX Font Info:    Encoding `OMX' has changed to `TU' for symbol font
(Font)              `largesymbols' in the math version `normal' on input line 132.
LaTeX Font Info:    Overwriting symbol font `largesymbols' in version `normal'
(Font)                  OMX/lmex/m/n --> TU/latinmodern-math.otf(3)/m/n on input line 132.
LaTeX Font Info:    Encoding `OMX' has changed to `TU' for symbol font
(Font)              `largesymbols' in the math version `bold' on input line 132.
LaTeX Font Info:    Overwriting symbol font `largesymbols' in version `bold'
(Font)                  OMX/lmex/m/n --> TU/latinmodern-math.otf(3)/b/n on input line 132.
Package hyperref Info: Link coloring OFF on input line 132.
(./nirs-study-info.out) (./nirs-study-info.out)
\@outlinefile=\write4
\openout4 = `nirs-study-info.out'.

LaTeX Font Info:    Font shape `TU/latinmodern-math.otf(1)/m/n' will be
(Font)              scaled to size 12.0pt on input line 134.
LaTeX Font Info:    Font shape `TU/latinmodern-math.otf(1)/m/n' will be
(Font)              scaled to size 8.0pt on input line 134.
LaTeX Font Info:    Font shape `TU/latinmodern-math.otf(1)/m/n' will be
(Font)              scaled to size 6.0pt on input line 134.
LaTeX Font Info:    Trying to load font information for OML+lmm on input line 134.
(c:/Users/sarag/AppData/Roaming/TinyTeX/texmf-dist/tex/latex/lm/omllmm.fd
File: omllmm.fd 2015/05/01 v1.6.1 Font defs for Latin Modern
)
LaTeX Font Info:    Font shape `TU/latinmodern-math.otf(2)/m/n' will be
(Font)              scaled to size 12.0011pt on input line 134.
LaTeX Font Info:    Font shape `TU/latinmodern-math.otf(2)/m/n' will be
(Font)              scaled to size 8.00073pt on input line 134.
LaTeX Font Info:    Font shape `TU/latinmodern-math.otf(2)/m/n' will be
(Font)              scaled to size 6.00055pt on input line 134.
LaTeX Font Info:    Font shape `TU/latinmodern-math.otf(3)/m/n' will be
(Font)              scaled to size 11.99872pt on input line 134.
LaTeX Font Info:    Font shape `TU/latinmodern-math.otf(3)/m/n' will be
(Font)              scaled to size 7.99915pt on input line 134.
LaTeX Font Info:    Font shape `TU/latinmodern-math.otf(3)/m/n' will be
(Font)              scaled to size 5.99936pt on input line 134.
LaTeX Font Info:    Trying to load font information for U+msa on input line 134.
(c:/Users/sarag/AppData/Roaming/TinyTeX/texmf-dist/tex/latex/amsfonts/umsa.fd
File: umsa.fd 2013/01/14 v3.01 AMS symbols A
)
LaTeX Font Info:    Trying to load font information for U+msb on input line 134.
(c:/Users/sarag/AppData/Roaming/TinyTeX/texmf-dist/tex/latex/amsfonts/umsb.fd
File: umsb.fd 2013/01/14 v3.01 AMS symbols B
) [1


] [2

] (./nirs-study-info.toc
LaTeX Font Info:    Font shape `TU/latinmodern-math.otf(1)/m/n' will be
(Font)              scaled to size 7.0pt on input line 2.
LaTeX Font Info:    Font shape `TU/latinmodern-math.otf(1)/m/n' will be
(Font)              scaled to size 5.0pt on input line 2.
LaTeX Font Info:    Font shape `TU/latinmodern-math.otf(2)/m/n' will be
(Font)              scaled to size 10.00092pt on input line 2.
LaTeX Font Info:    Font shape `TU/latinmodern-math.otf(2)/m/n' will be
(Font)              scaled to size 7.00064pt on input line 2.
LaTeX Font Info:    Font shape `TU/latinmodern-math.otf(2)/m/n' will be
(Font)              scaled to size 5.00046pt on input line 2.
LaTeX Font Info:    Font shape `TU/latinmodern-math.otf(3)/m/n' will be
(Font)              scaled to size 9.99893pt on input line 2.
LaTeX Font Info:    Font shape `TU/latinmodern-math.otf(3)/m/n' will be
(Font)              scaled to size 6.99925pt on input line 2.
LaTeX Font Info:    Font shape `TU/latinmodern-math.otf(3)/m/n' will be
(Font)              scaled to size 4.99947pt on input line 2.
[3])
\tf@toc=\write5
\openout5 = `nirs-study-info.toc'.

[4]
Chapter 1.
[5

] [6]
Chapter 2.

Underfull \hbox (badness 1694) in paragraph at lines 235--236
\TU/lmr/m/n/10 therefore each transmitter measures both oxygenated and deoxygenated
 []

[7

] [8]
Chapter 3.
[9

]
Underfull \hbox (badness 10000) in paragraph at lines 306--308

 []


Underfull \hbox (badness 2698) in paragraph at lines 310--316
[]\TU/lmr/m/n/10 1 Metric Name or ID: DM TREATMENT PLAN
 []


Underfull \hbox (badness 2698) in paragraph at lines 310--316
\TU/lmr/m/n/10 2 Metric Name or ID: DM TREATMENT PLAN
 []


Underfull \hbox (badness 2698) in paragraph at lines 310--316
\TU/lmr/m/n/10 3 Metric Name or ID: DM TREATMENT PLAN
 []


Underfull \hbox (badness 2698) in paragraph at lines 310--316
\TU/lmr/m/n/10 4 Metric Name or ID: DM TREATMENT PLAN
 []


Underfull \hbox (badness 2698) in paragraph at lines 310--316
\TU/lmr/m/n/10 5 Metric Name or ID: DM TREATMENT PLAN
 []


Underfull \hbox (badness 10000) in paragraph at lines 310--316

 []


Underfull \hbox (badness 10000) in paragraph at lines 318--319

 []


Underfull \hbox (badness 10000) in paragraph at lines 321--327

 []

[10]
Underfull \hbox (badness 10000) in paragraph at lines 329--330

 []


Underfull \hbox (badness 1043) in paragraph at lines 332--336
[]\TU/lmr/m/n/10 Episode Types: Infusion Treatment and Discontinue
 []


Underfull \hbox (badness 1043) in paragraph at lines 332--336
\TU/lmr/m/n/10 Episode Types: Infusion Treatment and Discontinue
 []


Underfull \hbox (badness 10000) in paragraph at lines 332--336

 []


Underfull \hbox (badness 10000) in paragraph at lines 338--339

 []


Underfull \hbox (badness 10000) in paragraph at lines 341--347

 []

[11]
Underfull \hbox (badness 10000) in paragraph at lines 349--350

 []

[12] [13] [14] [15] [16

]
Chapter 4.

LaTeX Warning: Reference `PortaMon-Preparation' on page 17 undefined on input line 437.

[17] [18] [19] [20

]
Chapter 5.
[21] [22]
Chapter 6.
[23

] [24

]
Chapter 7.

Overfull \hbox (8.1197pt too wide) in paragraph at lines 639--639
\TU/lmr/m/n/10 chemother- 
 []


Overfull \hbox (8.1197pt too wide) in paragraph at lines 641--641
\TU/lmr/m/n/10 chemother- 
 []

[25] [26] [27] [28

]
Chapter 8.
[29]
LaTeX Font Info:    Font shape `TU/lmtt/bx/n' in size <10> not available
(Font)              Font shape `TU/lmtt/b/n' tried instead on input line 681.
[30] [31] [32

]
Appendix A.
File: images/portamon/portamoncase.jpg Graphic file (type bmp)
<images/portamon/portamoncase.jpg>
[33]
File: images/portamon/asuslaptopandcharger.jpg Graphic file (type bmp)
<images/portamon/asuslaptopandcharger.jpg>

Underfull \hbox (badness 10000) in paragraph at lines 753--757
[][]
 []

File: images/portamon/laptopplugins.jpg Graphic file (type bmp)
<images/portamon/laptopplugins.jpg>

Underfull \hbox (badness 10000) in paragraph at lines 758--760
[][]
 []

File: images/portamon/portamonopen.jpg Graphic file (type bmp)
<images/portamon/portamonopen.jpg>

Underfull \hbox (badness 10000) in paragraph at lines 761--765
[][]
 []


Underfull \vbox (badness 10000) has occurred while \output is active []

[34]
File: images/portamon/portamonbatteriesandcharger.jpg Graphic file (type bmp)
<images/portamon/portamonbatteriesandcharger.jpg>
[35]
File: images/portamon/portamonbatteryandchargerplug.jpg Graphic file (type bmp)
<images/portamon/portamonbatteryandchargerplug.jpg>
File: images/portamon/portamonbatterychargingport.jpg Graphic file (type bmp)
<images/portamon/portamonbatterychargingport.jpg>
File: images/portamon/portamonbatteryincharger.jpg Graphic file (type bmp)
<images/portamon/portamonbatteryincharger.jpg>

Overfull \hbox (0.94016pt too wide) in paragraph at lines 793--796
[][] [] [] 
 []

[36]
File: images/portamon/portamonandbattery.jpg Graphic file (type bmp)
<images/portamon/portamonandbattery.jpg>
File: images/portamon/portamonon.jpg Graphic file (type bmp)
<images/portamon/portamonon.jpg>

Overfull \hbox (2.19969pt too wide) in paragraph at lines 811--813
[][] [] 
 []

File: images/portamon/saranwrapsize.jpg Graphic file (type bmp)
<images/portamon/saranwrapsize.jpg>
File: images/portamon/saranwraponeside.jpg Graphic file (type bmp)
<images/portamon/saranwraponeside.jpg>
File: images/portamon/saranwrapbothsides.jpg Graphic file (type bmp)
<images/portamon/saranwrapbothsides.jpg>

Overfull \hbox (0.9249pt too wide) in paragraph at lines 820--823
[][] [] [] 
 []

[37]
File: images/portamon/saranwrapdonetopview.jpg Graphic file (type bmp)
<images/portamon/saranwrapdonetopview.jpg>
File: images/portamon/saranwrapdonebottomview.jpg Graphic file (type bmp)
<images/portamon/saranwrapdonebottomview.jpg>

Overfull \hbox (2.19249pt too wide) in paragraph at lines 824--826
[][] [] 
 []

File: images/portamon/scissorsandtaupetape.jpg Graphic file (type bmp)
<images/portamon/scissorsandtaupetape.jpg>
File: images/portamon/taupetapelongsplit.jpg Graphic file (type bmp)
<images/portamon/taupetapelongsplit.jpg>
File: images/portamon/taupetapeonportamon.jpg Graphic file (type bmp)
<images/portamon/taupetapeonportamon.jpg>

Overfull \hbox (0.93483pt too wide) in paragraph at lines 835--838
[][] [] [] 
 []


Underfull \hbox (badness 10000) in paragraph at lines 848--850

 []

[38]
Underfull \hbox (badness 1917) in paragraph at lines 855--856
[]\TU/lmr/m/n/10 The Rockey license key must say ‘ROCKEY4ND’ and NOT
 []

File: images/portamon/laptopwithplugins.jpg Graphic file (type bmp)
<images/portamon/laptopwithplugins.jpg>
File: images/startnewmeasurement/01_open_oxysoft.png Graphic file (type bmp)
<images/startnewmeasurement/01_open_oxysoft.png>

Underfull \hbox (badness 10000) in paragraph at lines 877--879

 []

[39]
File: images/startnewmeasurement/02_select_close_all_graphs.png Graphic file (type bmp)
<images/startnewmeasurement/02_select_close_all_graphs.png>
File: images/startnewmeasurement/03_closed_all_graphs.png Graphic file (type bmp)
<images/startnewmeasurement/03_closed_all_graphs.png>

Underfull \hbox (badness 10000) in paragraph at lines 883--885
[][]
 []


Underfull \hbox (badness 2547) in paragraph at lines 891--892
[]\TU/lmr/m/n/10 Select \TU/lmtt/m/n/10 Create Measurement and Start Device (Wizard)... \TU/lmr/m/n/10 from
 []

File: images/startnewmeasurement/04_select_start_new.png Graphic file (type bmp)
<images/startnewmeasurement/04_select_start_new.png>

Underfull \vbox (badness 6445) has occurred while \output is active []

[40]
File: images/startnewmeasurement/05_copy_no_settings.png Graphic file (type bmp)
<images/startnewmeasurement/05_copy_no_settings.png>
File: images/startnewmeasurement/06_add_device.png Graphic file (type bmp)
<images/startnewmeasurement/06_add_device.png>

Underfull \vbox (badness 7326) has occurred while \output is active []

[41]
File: images/startnewmeasurement/07_type_of_device_to_add.png Graphic file (type bmp)
<images/startnewmeasurement/07_type_of_device_to_add.png>
File: images/startnewmeasurement/08_device_number.png Graphic file (type bmp)
<images/startnewmeasurement/08_device_number.png>

Underfull \vbox (badness 2027) has occurred while \output is active []

[42]
File: images/startnewmeasurement/09_successful_connection.png Graphic file (type bmp)
<images/startnewmeasurement/09_successful_connection.png>

Underfull \vbox (badness 10000) has occurred while \output is active []

[43]
Underfull \hbox (badness 3396) in paragraph at lines 969--971
[]\TU/lmr/m/n/10 Under \TU/lmtt/m/n/10 Optode-template: (Filtered by PortaMon) \TU/lmr/m/n/10 click the drop
 []

File: images/startnewmeasurement/10_select_tsiff.png Graphic file (type bmp)
<images/startnewmeasurement/10_select_tsiff.png>
File: images/startnewmeasurement/11_k_calf.png Graphic file (type bmp)
<images/startnewmeasurement/11_k_calf.png>
[44]
File: images/startnewmeasurement/12_h_calf.png Graphic file (type bmp)
<images/startnewmeasurement/12_h_calf.png>
File: images/startnewmeasurement/13_optodemapping_popup.png Graphic file (type bmp)
<images/startnewmeasurement/13_optodemapping_popup.png>

Underfull \vbox (badness 4217) has occurred while \output is active []

[45]
File: images/startnewmeasurement/14_device_settings_popup.png Graphic file (type bmp)
<images/startnewmeasurement/14_device_settings_popup.png>
File: images/startnewmeasurement/15_furtheroptions_popup.png Graphic file (type bmp)
<images/startnewmeasurement/15_furtheroptions_popup.png>

Underfull \vbox (badness 8113) has occurred while \output is active []

[46]
File: images/startnewmeasurement/16_create_all_graphs_popup.png Graphic file (type bmp)
<images/startnewmeasurement/16_create_all_graphs_popup.png>
File: images/startnewmeasurement/17_enable_light_sources_popup.png Graphic file (type bmp)
<images/startnewmeasurement/17_enable_light_sources_popup.png>
[47] [48]
File: images/startnewmeasurement/new_measurement_begins.png Graphic file (type bmp)
<images/startnewmeasurement/new_measurement_begins.png>
File: images/startnewmeasurement/select_end_measurement.png Graphic file (type bmp)
<images/startnewmeasurement/select_end_measurement.png>
File: images/startnewmeasurement/view_whole_measurement.png Graphic file (type bmp)
<images/startnewmeasurement/view_whole_measurement.png>

Underfull \hbox (badness 10000) in paragraph at lines 1074--1076
[][]
 []


Underfull \vbox (badness 10000) has occurred while \output is active []

[49]
File: images/changemeasurementproperties/select_measurement_properties.png Graphic file (type bmp)
<images/changemeasurementproperties/select_measurement_properties.png>
File: images/changemeasurementproperties/opened_measurement_properties.png Graphic file (type bmp)
<images/changemeasurementproperties/opened_measurement_properties.png>

Underfull \hbox (badness 10000) in paragraph at lines 1091--1093
[][]
 []


Underfull \vbox (badness 4752) has occurred while \output is active []

[50]
File: images/changemeasurementproperties/select_tsi.png Graphic file (type bmp)
<images/changemeasurementproperties/select_tsi.png>

Underfull \vbox (badness 10000) has occurred while \output is active []

[51]
File: images/changemeasurementproperties/tsi_template_settings.png Graphic file (type bmp)
<images/changemeasurementproperties/tsi_template_settings.png>
File: images/changemeasurementproperties/view_tsi_graphs.png Graphic file (type bmp)
<images/changemeasurementproperties/view_tsi_graphs.png>
[52]

LaTeX Warning: Reference `Appendix-Instruments-PortaMon-Usage-ChangeProperties' on page 53 undefined on input line 1149.

File: images/exportmeasurement/1_selectmeasurementtoexport.png Graphic file (type bmp)
<images/exportmeasurement/1_selectmeasurementtoexport.png>
[53]
File: images/exportmeasurement/2_selecttypeofexport.png Graphic file (type bmp)
<images/exportmeasurement/2_selecttypeofexport.png>
File: images/exportmeasurement/3_choosefilelocation.png Graphic file (type bmp)
<images/exportmeasurement/3_choosefilelocation.png>

Underfull \vbox (badness 10000) has occurred while \output is active []

[54]
File: images/exportmeasurement/4_filelocationpopup.png Graphic file (type bmp)
<images/exportmeasurement/4_filelocationpopup.png>
File: images/exportmeasurement/5_nameexportfile.png Graphic file (type bmp)
<images/exportmeasurement/5_nameexportfile.png>

Underfull \vbox (badness 10000) has occurred while \output is active []

[55]
File: images/exportmeasurement/6_chosenfilelocation.png Graphic file (type bmp)
<images/exportmeasurement/6_chosenfilelocation.png>
File: images/exportmeasurement/7_chooseexportopengraphs.png Graphic file (type bmp)
<images/exportmeasurement/7_chooseexportopengraphs.png>

Underfull \vbox (badness 10000) has occurred while \output is active []

[56]
File: images/exportmeasurement/8_exportwholemeasurement.png Graphic file (type bmp)
<images/exportmeasurement/8_exportwholemeasurement.png>
[57] [58

]
Appendix B.
[59]
File: images/parvocalibration/connector_piece.jpg Graphic file (type bmp)
<images/parvocalibration/connector_piece.jpg>

Underfull \vbox (badness 10000) has occurred while \output is active []

[60]
File: images/parvocalibration/connect_syringe.jpg Graphic file (type bmp)
<images/parvocalibration/connect_syringe.jpg>

Underfull \vbox (badness 10000) has occurred while \output is active []

[61] [62]
File: images/parvocalibration/gas_on.jpg Graphic file (type bmp)
<images/parvocalibration/gas_on.jpg>

Underfull \vbox (badness 10000) has occurred while \output is active []

[63]
File: images/parvocalibration/gas_off.jpg Graphic file (type bmp)
<images/parvocalibration/gas_off.jpg>

Underfull \vbox (badness 10000) has occurred while \output is active []

[64] [65] [66]
File: images/maskassembly/01_all_mask_parts.jpg Graphic file (type bmp)
<images/maskassembly/01_all_mask_parts.jpg>
File: images/maskassembly/01_all_mask_parts_view2.jpg Graphic file (type bmp)
<images/maskassembly/01_all_mask_parts_view2.jpg>

Overfull \hbox (2.18039pt too wide) in paragraph at lines 1325--1327
[][] [] 
 []

File: images/maskassembly/02_show_direction.jpg Graphic file (type bmp)
<images/maskassembly/02_show_direction.jpg>
File: images/maskassembly/02_show_pull_over_lip.jpg Graphic file (type bmp)
<images/maskassembly/02_show_pull_over_lip.jpg>
File: images/maskassembly/02_show_pulled_over_lip.jpg Graphic file (type bmp)
<images/maskassembly/02_show_pulled_over_lip.jpg>
File: images/maskassembly/02_show_air_flow_direction.jpg Graphic file (type bmp)
<images/maskassembly/02_show_air_flow_direction.jpg>

Overfull \hbox (6.59703pt too wide) in paragraph at lines 1346--1350
[][] [] [] [] 
 []

[67]
File: images/maskassembly/04_show_direction.jpg Graphic file (type bmp)
<images/maskassembly/04_show_direction.jpg>
File: images/maskassembly/04_show_placement.jpg Graphic file (type bmp)
<images/maskassembly/04_show_placement.jpg>

Overfull \hbox (2.1858pt too wide) in paragraph at lines 1361--1363
[][] [] 
 []

File: images/maskassembly/05_show_direction.jpg Graphic file (type bmp)
<images/maskassembly/05_show_direction.jpg>
File: images/maskassembly/05_show_together.jpg Graphic file (type bmp)
<images/maskassembly/05_show_together.jpg>

Overfull \hbox (2.19165pt too wide) in paragraph at lines 1380--1382
[][] [] 
 []

[68]
File: images/maskassembly/06_show_direction.jpg Graphic file (type bmp)
<images/maskassembly/06_show_direction.jpg>
File: images/maskassembly/06_show_together.jpg Graphic file (type bmp)
<images/maskassembly/06_show_together.jpg>

Overfull \hbox (2.19878pt too wide) in paragraph at lines 1391--1393
[][] [] 
 []

File: images/maskassembly/07_show_together.jpg Graphic file (type bmp)
<images/maskassembly/07_show_together.jpg>
File: images/maskassembly/09_show_direction.jpg Graphic file (type bmp)
<images/maskassembly/09_show_direction.jpg>
File: images/maskassembly/09_show_together.jpg Graphic file (type bmp)
<images/maskassembly/09_show_together.jpg>
File: images/maskassembly/09_show_together_view_2.jpg Graphic file (type bmp)
<images/maskassembly/09_show_together_view_2.jpg>

Overfull \hbox (0.87064pt too wide) in paragraph at lines 1408--1411
[][] [] [] 
 []

[69]
File: images/maskassembly/10_show_mask_size.jpg Graphic file (type bmp)
<images/maskassembly/10_show_mask_size.jpg>
[70]
File: images/maskassembly/11_show_direction.jpg Graphic file (type bmp)
<images/maskassembly/11_show_direction.jpg>
File: images/maskassembly/11_show_bad_seal.jpg Graphic file (type bmp)
<images/maskassembly/11_show_bad_seal.jpg>
File: images/maskassembly/11_show_good_seal.jpg Graphic file (type bmp)
<images/maskassembly/11_show_good_seal.jpg>

Overfull \hbox (2.18224pt too wide) in paragraph at lines 1460--1462
[][] [] 
 []


Underfull \vbox (badness 10000) has occurred while \output is active []

[71] [72] [73] [74]
Appendix C.
[75

] [76

]
Appendix D.
[77]
File: images/lactatequalitycontrol/lactatebinder.jpg Graphic file (type bmp)
<images/lactatequalitycontrol/lactatebinder.jpg>
File: images/lactatequalitycontrol/lactatebinder_log.jpg Graphic file (type bmp)
<images/lactatequalitycontrol/lactatebinder_log.jpg>

Overfull \hbox (2.14943pt too wide) in paragraph at lines 1584--1586
[][] [] 
 []

File: images/lactatequalitycontrol/lactate_strips_1.jpg Graphic file (type bmp)
<images/lactatequalitycontrol/lactate_strips_1.jpg>
File: images/lactatequalitycontrol/lactate_strips_2.jpg Graphic file (type bmp)
<images/lactatequalitycontrol/lactate_strips_2.jpg>

Overfull \hbox (2.19547pt too wide) in paragraph at lines 1591--1593
[][] [] 
 []


Underfull \vbox (badness 10000) has occurred while \output is active []

[78]
File: images/lactatequalitycontrol/low_control_1.jpg Graphic file (type bmp)
<images/lactatequalitycontrol/low_control_1.jpg>
File: images/lactatequalitycontrol/low_control_2.jpg Graphic file (type bmp)
<images/lactatequalitycontrol/low_control_2.jpg>

Overfull \hbox (2.19547pt too wide) in paragraph at lines 1596--1598
[][] [] 
 []

File: images/lactatequalitycontrol/high_control_1.jpg Graphic file (type bmp)
<images/lactatequalitycontrol/high_control_1.jpg>
File: images/lactatequalitycontrol/high_control_2.jpg Graphic file (type bmp)
<images/lactatequalitycontrol/high_control_2.jpg>

Overfull \hbox (2.19547pt too wide) in paragraph at lines 1601--1603
[][] [] 
 []


Underfull \vbox (badness 5548) has occurred while \output is active []

[79]
File: images/lactatequalitycontrol/lactate_meters_ready.jpg Graphic file (type bmp)
<images/lactatequalitycontrol/lactate_meters_ready.jpg>

Underfull \vbox (badness 10000) has occurred while \output is active []

[80]
File: images/lactatequalitycontrol/lactate_meter_do_drop.jpg Graphic file (type bmp)
<images/lactatequalitycontrol/lactate_meter_do_drop.jpg>
File: images/lactatequalitycontrol/lactate_meters_high_controls.jpg Graphic file (type bmp)
<images/lactatequalitycontrol/lactate_meters_high_controls.jpg>
File: images/lactatequalitycontrol/lactate_meters_low_controls.jpg Graphic file (type bmp)
<images/lactatequalitycontrol/lactate_meters_low_controls.jpg>

Overfull \hbox (0.92899pt too wide) in paragraph at lines 1616--1619
[][] [] [] 
 []

File: images/lactatequalitycontrol/log_results.jpg Graphic file (type bmp)
<images/lactatequalitycontrol/log_results.jpg>

Underfull \vbox (badness 10000) has occurred while \output is active []

[81] (./nirs-study-info.bbl [82]) [83

] (./nirs-study-info.aux)
 ***********
LaTeX2e <2023-11-01>
L3 programming layer <2023-12-11>
 ***********

LaTeX Warning: There were undefined references.

Package rerunfilecheck Info: File `nirs-study-info.out' has not changed.
(rerunfilecheck)             Checksum: AE3F348EC11363736CA04DEEFAE3A162;6535.
 ) 
Here is how much of TeX's memory you used:
 19373 strings out of 476830
 415162 string characters out of 5802458
 1936109 words of memory out of 5000000
 41001 multiletter control sequences out of 15000+600000
 564544 words of font info for 92 fonts, out of 8000000 for 9000
 14 hyphenation exceptions out of 8191
 90i,7n,120p,946b,470s stack positions out of 10000i,1000n,20000p,200000b,200000s

Output written on nirs-study-info.pdf (83 pages).
